<?xml version="1.0" encoding="UTF-8"?>
<!-- Generated by org.testng.reporters.JUnitXMLReporter -->
<testsuite ignored="9" hostname="DESKTOP-7PDQ3D5" failures="0" tests="1" name="FirefoxTest" time="10.019" errors="0" timestamp="2026-01-18T19:50:27 IST">
  <testcase classname="testscripts.LoginTest" name="verifyTheUserIsAbleToLoginUsingValidCredentials" time="0.91"/>
  <testcase classname="testscripts.LogoutTest" name="logout" time="0.0">
    <ignored/>
  </testcase> <!-- logout -->
  <testcase classname="testscripts.AdminUsersTest" name="adminUsers" time="0.0">
    <ignored/>
  </testcase> <!-- adminUsers -->
  <testcase classname="testscripts.LoginTest" name="verifyTheUserIsAbleToLoginUsingInvalidUsername" time="0.0">
    <ignored/>
  </testcase> <!-- verifyTheUserIsAbleToLoginUsingInvalidUsername -->
  <testcase classname="testscripts.ManageCategoryTest" name="manageCategory" time="0.0">
    <ignored/>
  </testcase> <!-- manageCategory -->
  <testcase classname="testscripts.ManageContactTest" name="manageContact" time="0.0">
    <ignored/>
  </testcase> <!-- manageContact -->
  <testcase classname="testscripts.ManageFooterTest" name="manageContact" time="0.0">
    <ignored/>
  </testcase> <!-- manageContact -->
  <testcase classname="testscripts.ManageNewstest" name="AlertPresent" time="0.0">
    <ignored/>
  </testcase> <!-- AlertPresent -->
  <testcase classname="testscripts.LoginTest" name="verifyTheUserIsAbleToLoginUsingInvalidPassword" time="0.0">
    <ignored/>
  </testcase> <!-- verifyTheUserIsAbleToLoginUsingInvalidPassword -->
  <testcase classname="testscripts.LoginTest" name="verifyTheUserIsAbleToLoginUsingInvalidCredentials" time="0.0">
    <ignored/>
  </testcase> <!-- verifyTheUserIsAbleToLoginUsingInvalidCredentials -->
</testsuite> <!-- FirefoxTest -->
