<?xml version="1.0" encoding="UTF-8"?>
<!-- Generated by org.testng.reporters.JUnitReportReporter -->
<testsuite hostname="DESKTOP-7PDQ3D5" failures="0" tests="2" name="testscripts.ManageFooterTest" time="25.656" errors="0" timestamp="2026-01-16T20:58:29 IST" skipped="0">
  <testcase classname="testscripts.ManageFooterTest" name="manageContact" time="13.421"/>
  <testcase classname="testscripts.ManageFooterTest" name="manageContact" time="12.235"/>
</testsuite> <!-- testscripts.ManageFooterTest -->
