<?xml version="1.0" encoding="UTF-8"?>
<!-- Generated by org.testng.reporters.JUnitReportReporter -->
<testsuite hostname="DESKTOP-7PDQ3D5" failures="0" tests="5" name="testscripts.LoginTest" time="19.969" errors="0" timestamp="2026-01-21T22:21:08 IST" skipped="0">
  <testcase classname="testscripts.LoginTest" name="verifyTheUserIsAbleToLoginUsingInvalidPassword" time="4.209"/>
  <testcase classname="testscripts.LoginTest" name="verifyTheUserIsAbleToLoginUsingInvalidCredentials" time="3.547"/>
  <testcase classname="testscripts.LoginTest" name="verifyTheUserIsAbleToLoginUsingInvalidUsername" time="4.251"/>
  <testcase classname="testscripts.LoginTest" name="verifyTheUserIsAbleToLoginUsingInvalidCredentials" time="4.242"/>
  <testcase classname="testscripts.LoginTest" name="verifyTheUserIsAbleToLoginUsingValidCredentials" time="3.720"/>
</testsuite> <!-- testscripts.LoginTest -->
