<?xml version="1.0" encoding="UTF-8"?>
<!-- Generated by org.testng.reporters.JUnitReportReporter -->
<testsuite hostname="DESKTOP-7PDQ3D5" failures="0" tests="2" name="testscripts.ManageContactTest" time="29.554" errors="0" timestamp="2026-01-16T20:58:29 IST" skipped="0">
  <testcase classname="testscripts.ManageContactTest" name="manageContact" time="16.998"/>
  <testcase classname="testscripts.ManageContactTest" name="manageContact" time="12.556"/>
</testsuite> <!-- testscripts.ManageContactTest -->
