<?xml version="1.0" encoding="UTF-8"?>
<!-- Generated by org.testng.reporters.JUnitReportReporter -->
<testsuite hostname="DESKTOP-7PDQ3D5" failures="0" tests="5" name="testscripts.LoginTest" time="24.369" errors="0" timestamp="2026-01-21T21:44:52 IST" skipped="0">
  <testcase classname="testscripts.LoginTest" name="verifyTheUserIsAbleToLoginUsingInvalidPassword" time="4.441"/>
  <testcase classname="testscripts.LoginTest" name="verifyTheUserIsAbleToLoginUsingInvalidCredentials" time="5.245"/>
  <testcase classname="testscripts.LoginTest" name="verifyTheUserIsAbleToLoginUsingInvalidUsername" time="5.416"/>
  <testcase classname="testscripts.LoginTest" name="verifyTheUserIsAbleToLoginUsingValidCredentials" time="5.581"/>
  <testcase classname="testscripts.LoginTest" name="verifyTheUserIsAbleToLoginUsingInvalidCredentials" time="3.686"/>
</testsuite> <!-- testscripts.LoginTest -->
