<?xml version="1.0" encoding="UTF-8"?>
<!-- Generated by org.testng.reporters.JUnitReportReporter -->
<testsuite hostname="DESKTOP-7PDQ3D5" failures="0" tests="2" name="testscripts.ManageCategoryTest" time="37.416" errors="0" timestamp="2026-01-16T20:58:28 IST" skipped="0">
  <testcase classname="testscripts.ManageCategoryTest" name="manageCategory" time="20.324"/>
  <testcase classname="testscripts.ManageCategoryTest" name="manageCategory" time="17.092"/>
</testsuite> <!-- testscripts.ManageCategoryTest -->
