<?xml version="1.0" encoding="UTF-8"?>
<testng-results ignored="0" total="11" passed="11" failed="0" skipped="0">
  <reporter-output>
  </reporter-output>
  <suite started-at="2026-01-21T22:20:09 IST" name="Suite" finished-at="2026-01-21T22:21:07 IST" duration-ms="58271">
    <groups>
      <group name="regression">
        <method signature="LoginTest.verifyTheUserIsAbleToLoginUsingInvalidCredentials(java.lang.String,java.lang.String)[pri:0, instance:testscripts.LoginTest@17503f6b]" name="verifyTheUserIsAbleToLoginUsingInvalidCredentials" class="testscripts.LoginTest"/>
        <method signature="LoginTest.verifyTheUserIsAbleToLoginUsingInvalidPassword()[pri:0, instance:testscripts.LoginTest@17503f6b]" name="verifyTheUserIsAbleToLoginUsingInvalidPassword" class="testscripts.LoginTest"/>
        <method signature="LoginTest.verifyTheUserIsAbleToLoginUsingInvalidUsername()[pri:0, instance:testscripts.LoginTest@17503f6b]" name="verifyTheUserIsAbleToLoginUsingInvalidUsername" class="testscripts.LoginTest"/>
        <method signature="LoginTest.verifyTheUserIsAbleToLoginUsingValidCredentials()[pri:0, instance:testscripts.LoginTest@17503f6b]" name="verifyTheUserIsAbleToLoginUsingValidCredentials" class="testscripts.LoginTest"/>
      </group> <!-- regression -->
    </groups>
    <test started-at="2026-01-21T22:20:09 IST" name="Test" finished-at="2026-01-21T22:21:07 IST" duration-ms="58271">
      <class name="testscripts.ManageCategoryTest">
        <test-method is-config="true" signature="initialiseBrowser(java.lang.String)[pri:0, instance:testscripts.ManageCategoryTest@3b6d844d]" started-at="2026-01-21T22:20:48 IST" name="initialiseBrowser" finished-at="2026-01-21T22:20:51 IST" duration-ms="3529" status="PASS">
          <params>
            <param index="0">
              <value>
                <![CDATA[chrome]]>
              </value>
            </param>
          </params>
          <reporter-output>
          </reporter-output>
        </test-method> <!-- initialiseBrowser -->
        <test-method signature="manageCategory()[pri:0, instance:testscripts.ManageCategoryTest@3b6d844d]" started-at="2026-01-21T22:20:51 IST" name="manageCategory" finished-at="2026-01-21T22:20:54 IST" duration-ms="3179" status="PASS">
          <reporter-output>
          </reporter-output>
        </test-method> <!-- manageCategory -->
        <test-method is-config="true" signature="close(org.testng.ITestResult)[pri:0, instance:testscripts.ManageCategoryTest@3b6d844d]" started-at="2026-01-21T22:20:54 IST" name="close" finished-at="2026-01-21T22:20:54 IST" duration-ms="250" status="PASS">
          <params>
            <param index="0">
              <value>
                <![CDATA[[TestResult name=manageCategory status=SUCCESS method=ManageCategoryTest.manageCategory()[pri:0, instance:testscripts.ManageCategoryTest@3b6d844d] output={null}]]]>
              </value>
            </param>
          </params>
          <reporter-output>
          </reporter-output>
        </test-method> <!-- close -->
      </class> <!-- testscripts.ManageCategoryTest -->
      <class name="testscripts.ManageNewstest">
        <test-method is-config="true" signature="initialiseBrowser(java.lang.String)[pri:0, instance:testscripts.ManageNewstest@3bcd05cb]" started-at="2026-01-21T22:20:43 IST" name="initialiseBrowser" finished-at="2026-01-21T22:20:45 IST" duration-ms="2682" status="PASS">
          <params>
            <param index="0">
              <value>
                <![CDATA[chrome]]>
              </value>
            </param>
          </params>
          <reporter-output>
          </reporter-output>
        </test-method> <!-- initialiseBrowser -->
        <test-method signature="AlertPresent()[pri:0, instance:testscripts.ManageNewstest@3bcd05cb]" started-at="2026-01-21T22:20:45 IST" name="AlertPresent" finished-at="2026-01-21T22:20:47 IST" duration-ms="1767" status="PASS">
          <reporter-output>
          </reporter-output>
        </test-method> <!-- AlertPresent -->
        <test-method is-config="true" signature="close(org.testng.ITestResult)[pri:0, instance:testscripts.ManageNewstest@3bcd05cb]" started-at="2026-01-21T22:20:47 IST" name="close" finished-at="2026-01-21T22:20:48 IST" duration-ms="274" status="PASS">
          <params>
            <param index="0">
              <value>
                <![CDATA[[TestResult name=AlertPresent status=SUCCESS method=ManageNewstest.AlertPresent()[pri:0, instance:testscripts.ManageNewstest@3bcd05cb] output={null}]]]>
              </value>
            </param>
          </params>
          <reporter-output>
          </reporter-output>
        </test-method> <!-- close -->
      </class> <!-- testscripts.ManageNewstest -->
      <class name="testscripts.ManageFooterTest">
        <test-method is-config="true" signature="initialiseBrowser(java.lang.String)[pri:0, instance:testscripts.ManageFooterTest@2235eaab]" started-at="2026-01-21T22:20:17 IST" name="initialiseBrowser" finished-at="2026-01-21T22:20:21 IST" duration-ms="3504" status="PASS">
          <params>
            <param index="0">
              <value>
                <![CDATA[chrome]]>
              </value>
            </param>
          </params>
          <reporter-output>
          </reporter-output>
        </test-method> <!-- initialiseBrowser -->
        <test-method signature="manageContact()[pri:0, instance:testscripts.ManageFooterTest@2235eaab]" started-at="2026-01-21T22:20:21 IST" name="manageContact" finished-at="2026-01-21T22:20:23 IST" duration-ms="2053" status="PASS">
          <reporter-output>
          </reporter-output>
        </test-method> <!-- manageContact -->
        <test-method is-config="true" signature="close(org.testng.ITestResult)[pri:0, instance:testscripts.ManageFooterTest@2235eaab]" started-at="2026-01-21T22:20:23 IST" name="close" finished-at="2026-01-21T22:20:23 IST" duration-ms="212" status="PASS">
          <params>
            <param index="0">
              <value>
                <![CDATA[[TestResult name=manageContact status=SUCCESS method=ManageFooterTest.manageContact()[pri:0, instance:testscripts.ManageFooterTest@2235eaab] output={null}]]]>
              </value>
            </param>
          </params>
          <reporter-output>
          </reporter-output>
        </test-method> <!-- close -->
      </class> <!-- testscripts.ManageFooterTest -->
      <class name="testscripts.ManageContactTest">
        <test-method is-config="true" signature="initialiseBrowser(java.lang.String)[pri:0, instance:testscripts.ManageContactTest@36804139]" started-at="2026-01-21T22:20:54 IST" name="initialiseBrowser" finished-at="2026-01-21T22:20:59 IST" duration-ms="4588" status="PASS">
          <params>
            <param index="0">
              <value>
                <![CDATA[chrome]]>
              </value>
            </param>
          </params>
          <reporter-output>
          </reporter-output>
        </test-method> <!-- initialiseBrowser -->
        <test-method signature="manageContact()[pri:0, instance:testscripts.ManageContactTest@36804139]" started-at="2026-01-21T22:20:59 IST" name="manageContact" finished-at="2026-01-21T22:21:02 IST" duration-ms="3017" status="PASS">
          <reporter-output>
          </reporter-output>
        </test-method> <!-- manageContact -->
        <test-method is-config="true" signature="close(org.testng.ITestResult)[pri:0, instance:testscripts.ManageContactTest@36804139]" started-at="2026-01-21T22:21:02 IST" name="close" finished-at="2026-01-21T22:21:02 IST" duration-ms="216" status="PASS">
          <params>
            <param index="0">
              <value>
                <![CDATA[[TestResult name=manageContact status=SUCCESS method=ManageContactTest.manageContact()[pri:0, instance:testscripts.ManageContactTest@36804139] output={null}]]]>
              </value>
            </param>
          </params>
          <reporter-output>
          </reporter-output>
        </test-method> <!-- close -->
      </class> <!-- testscripts.ManageContactTest -->
      <class name="testscripts.LoginTest">
        <test-method is-config="true" signature="initialiseBrowser(java.lang.String)[pri:0, instance:testscripts.LoginTest@17503f6b]" started-at="2026-01-21T22:20:23 IST" name="initialiseBrowser" finished-at="2026-01-21T22:20:26 IST" duration-ms="2766" status="PASS">
          <params>
            <param index="0">
              <value>
                <![CDATA[chrome]]>
              </value>
            </param>
          </params>
          <reporter-output>
          </reporter-output>
        </test-method> <!-- initialiseBrowser -->
        <test-method signature="verifyTheUserIsAbleToLoginUsingInvalidCredentials(java.lang.String,java.lang.String)[pri:0, instance:testscripts.LoginTest@17503f6b]" started-at="2026-01-21T22:20:26 IST" name="verifyTheUserIsAbleToLoginUsingInvalidCredentials" data-provider="loginProvider" finished-at="2026-01-21T22:20:26 IST" duration-ms="463" status="PASS">
          <params>
            <param index="0">
              <value>
                <![CDATA[admin]]>
              </value>
            </param>
            <param index="1">
              <value>
                <![CDATA[admin22]]>
              </value>
            </param>
          </params>
          <reporter-output>
          </reporter-output>
        </test-method> <!-- verifyTheUserIsAbleToLoginUsingInvalidCredentials -->
        <test-method is-config="true" signature="close(org.testng.ITestResult)[pri:0, instance:testscripts.LoginTest@17503f6b]" started-at="2026-01-21T22:20:26 IST" name="close" finished-at="2026-01-21T22:20:26 IST" duration-ms="177" status="PASS">
          <params>
            <param index="0">
              <value>
                <![CDATA[[TestResult name=verifyTheUserIsAbleToLoginUsingInvalidCredentials status=SUCCESS method=LoginTest.verifyTheUserIsAbleToLoginUsingInvalidCredentials(java.lang.String,java.lang.String)[pri:0, instance:testscripts.LoginTest@17503f6b] output={null}]]]>
              </value>
            </param>
          </params>
          <reporter-output>
          </reporter-output>
        </test-method> <!-- close -->
        <test-method is-config="true" signature="initialiseBrowser(java.lang.String)[pri:0, instance:testscripts.LoginTest@17503f6b]" started-at="2026-01-21T22:20:26 IST" name="initialiseBrowser" finished-at="2026-01-21T22:20:30 IST" duration-ms="3449" status="PASS">
          <params>
            <param index="0">
              <value>
                <![CDATA[chrome]]>
              </value>
            </param>
          </params>
          <reporter-output>
          </reporter-output>
        </test-method> <!-- initialiseBrowser -->
        <test-method signature="verifyTheUserIsAbleToLoginUsingInvalidCredentials(java.lang.String,java.lang.String)[pri:0, instance:testscripts.LoginTest@17503f6b]" started-at="2026-01-21T22:20:30 IST" name="verifyTheUserIsAbleToLoginUsingInvalidCredentials" data-provider="loginProvider" finished-at="2026-01-21T22:20:30 IST" duration-ms="471" status="PASS">
          <params>
            <param index="0">
              <value>
                <![CDATA[admin123]]>
              </value>
            </param>
            <param index="1">
              <value>
                <![CDATA[123]]>
              </value>
            </param>
          </params>
          <reporter-output>
          </reporter-output>
        </test-method> <!-- verifyTheUserIsAbleToLoginUsingInvalidCredentials -->
        <test-method is-config="true" signature="close(org.testng.ITestResult)[pri:0, instance:testscripts.LoginTest@17503f6b]" started-at="2026-01-21T22:20:30 IST" name="close" finished-at="2026-01-21T22:20:30 IST" duration-ms="211" status="PASS">
          <params>
            <param index="0">
              <value>
                <![CDATA[[TestResult name=verifyTheUserIsAbleToLoginUsingInvalidCredentials status=SUCCESS method=LoginTest.verifyTheUserIsAbleToLoginUsingInvalidCredentials(java.lang.String,java.lang.String)[pri:0, instance:testscripts.LoginTest@17503f6b] output={null}]]]>
              </value>
            </param>
          </params>
          <reporter-output>
          </reporter-output>
        </test-method> <!-- close -->
        <test-method is-config="true" signature="initialiseBrowser(java.lang.String)[pri:0, instance:testscripts.LoginTest@17503f6b]" started-at="2026-01-21T22:20:30 IST" name="initialiseBrowser" finished-at="2026-01-21T22:20:33 IST" duration-ms="2899" status="PASS">
          <params>
            <param index="0">
              <value>
                <![CDATA[chrome]]>
              </value>
            </param>
          </params>
          <reporter-output>
          </reporter-output>
        </test-method> <!-- initialiseBrowser -->
        <test-method signature="verifyTheUserIsAbleToLoginUsingInvalidPassword()[pri:0, instance:testscripts.LoginTest@17503f6b]" started-at="2026-01-21T22:20:33 IST" name="verifyTheUserIsAbleToLoginUsingInvalidPassword" finished-at="2026-01-21T22:20:34 IST" duration-ms="584" status="PASS">
          <reporter-output>
          </reporter-output>
        </test-method> <!-- verifyTheUserIsAbleToLoginUsingInvalidPassword -->
        <test-method is-config="true" signature="close(org.testng.ITestResult)[pri:0, instance:testscripts.LoginTest@17503f6b]" started-at="2026-01-21T22:20:34 IST" name="close" finished-at="2026-01-21T22:20:34 IST" duration-ms="230" status="PASS">
          <params>
            <param index="0">
              <value>
                <![CDATA[[TestResult name=verifyTheUserIsAbleToLoginUsingInvalidPassword status=SUCCESS method=LoginTest.verifyTheUserIsAbleToLoginUsingInvalidPassword()[pri:0, instance:testscripts.LoginTest@17503f6b] output={null}]]]>
              </value>
            </param>
          </params>
          <reporter-output>
          </reporter-output>
        </test-method> <!-- close -->
        <test-method is-config="true" signature="initialiseBrowser(java.lang.String)[pri:0, instance:testscripts.LoginTest@17503f6b]" started-at="2026-01-21T22:20:34 IST" name="initialiseBrowser" finished-at="2026-01-21T22:20:37 IST" duration-ms="3414" status="PASS">
          <params>
            <param index="0">
              <value>
                <![CDATA[chrome]]>
              </value>
            </param>
          </params>
          <reporter-output>
          </reporter-output>
        </test-method> <!-- initialiseBrowser -->
        <test-method signature="verifyTheUserIsAbleToLoginUsingInvalidUsername()[pri:0, instance:testscripts.LoginTest@17503f6b]" started-at="2026-01-21T22:20:37 IST" name="verifyTheUserIsAbleToLoginUsingInvalidUsername" finished-at="2026-01-21T22:20:38 IST" duration-ms="571" status="PASS">
          <reporter-output>
          </reporter-output>
        </test-method> <!-- verifyTheUserIsAbleToLoginUsingInvalidUsername -->
        <test-method is-config="true" signature="close(org.testng.ITestResult)[pri:0, instance:testscripts.LoginTest@17503f6b]" started-at="2026-01-21T22:20:38 IST" name="close" finished-at="2026-01-21T22:20:38 IST" duration-ms="231" status="PASS">
          <params>
            <param index="0">
              <value>
                <![CDATA[[TestResult name=verifyTheUserIsAbleToLoginUsingInvalidUsername status=SUCCESS method=LoginTest.verifyTheUserIsAbleToLoginUsingInvalidUsername()[pri:0, instance:testscripts.LoginTest@17503f6b] output={null}]]]>
              </value>
            </param>
          </params>
          <reporter-output>
          </reporter-output>
        </test-method> <!-- close -->
        <test-method is-config="true" signature="initialiseBrowser(java.lang.String)[pri:0, instance:testscripts.LoginTest@17503f6b]" started-at="2026-01-21T22:20:38 IST" name="initialiseBrowser" finished-at="2026-01-21T22:20:42 IST" duration-ms="3549" status="PASS">
          <params>
            <param index="0">
              <value>
                <![CDATA[chrome]]>
              </value>
            </param>
          </params>
          <reporter-output>
          </reporter-output>
        </test-method> <!-- initialiseBrowser -->
        <test-method signature="verifyTheUserIsAbleToLoginUsingValidCredentials()[pri:0, instance:testscripts.LoginTest@17503f6b]" started-at="2026-01-21T22:20:42 IST" name="verifyTheUserIsAbleToLoginUsingValidCredentials" finished-at="2026-01-21T22:20:43 IST" duration-ms="735" status="PASS">
          <reporter-output>
          </reporter-output>
        </test-method> <!-- verifyTheUserIsAbleToLoginUsingValidCredentials -->
        <test-method is-config="true" signature="close(org.testng.ITestResult)[pri:0, instance:testscripts.LoginTest@17503f6b]" started-at="2026-01-21T22:20:43 IST" name="close" finished-at="2026-01-21T22:20:43 IST" duration-ms="219" status="PASS">
          <params>
            <param index="0">
              <value>
                <![CDATA[[TestResult name=verifyTheUserIsAbleToLoginUsingValidCredentials status=SUCCESS method=LoginTest.verifyTheUserIsAbleToLoginUsingValidCredentials()[pri:0, instance:testscripts.LoginTest@17503f6b] output={null}]]]>
              </value>
            </param>
          </params>
          <reporter-output>
          </reporter-output>
        </test-method> <!-- close -->
      </class> <!-- testscripts.LoginTest -->
      <class name="testscripts.HomeTest">
        <test-method is-config="true" signature="initialiseBrowser(java.lang.String)[pri:0, instance:testscripts.HomeTest@20bd8be5]" started-at="2026-01-21T22:21:02 IST" name="initialiseBrowser" finished-at="2026-01-21T22:21:06 IST" duration-ms="3475" status="PASS">
          <params>
            <param index="0">
              <value>
                <![CDATA[chrome]]>
              </value>
            </param>
          </params>
          <reporter-output>
          </reporter-output>
        </test-method> <!-- initialiseBrowser -->
        <test-method signature="logout()[pri:0, instance:testscripts.HomeTest@20bd8be5]" started-at="2026-01-21T22:21:06 IST" name="logout" finished-at="2026-01-21T22:21:07 IST" duration-ms="987" status="PASS">
          <reporter-output>
          </reporter-output>
        </test-method> <!-- logout -->
        <test-method is-config="true" signature="close(org.testng.ITestResult)[pri:0, instance:testscripts.HomeTest@20bd8be5]" started-at="2026-01-21T22:21:07 IST" name="close" finished-at="2026-01-21T22:21:07 IST" duration-ms="232" status="PASS">
          <params>
            <param index="0">
              <value>
                <![CDATA[[TestResult name=logout status=SUCCESS method=HomeTest.logout()[pri:0, instance:testscripts.HomeTest@20bd8be5] output={null}]]]>
              </value>
            </param>
          </params>
          <reporter-output>
          </reporter-output>
        </test-method> <!-- close -->
      </class> <!-- testscripts.HomeTest -->
      <class name="testscripts.AdminUsersTest">
        <test-method is-config="true" signature="initialiseBrowser(java.lang.String)[pri:0, instance:testscripts.AdminUsersTest@41330d4f]" started-at="2026-01-21T22:20:09 IST" name="initialiseBrowser" finished-at="2026-01-21T22:20:13 IST" duration-ms="4210" status="PASS">
          <params>
            <param index="0">
              <value>
                <![CDATA[chrome]]>
              </value>
            </param>
          </params>
          <reporter-output>
          </reporter-output>
        </test-method> <!-- initialiseBrowser -->
        <test-method signature="adminUsers()[pri:0, instance:testscripts.AdminUsersTest@41330d4f]" started-at="2026-01-21T22:20:13 IST" name="adminUsers" finished-at="2026-01-21T22:20:17 IST" duration-ms="3796" status="PASS">
          <reporter-output>
          </reporter-output>
        </test-method> <!-- adminUsers -->
        <test-method is-config="true" signature="close(org.testng.ITestResult)[pri:0, instance:testscripts.AdminUsersTest@41330d4f]" started-at="2026-01-21T22:20:17 IST" name="close" finished-at="2026-01-21T22:20:17 IST" duration-ms="246" status="PASS">
          <params>
            <param index="0">
              <value>
                <![CDATA[[TestResult name=adminUsers status=SUCCESS method=AdminUsersTest.adminUsers()[pri:0, instance:testscripts.AdminUsersTest@41330d4f] output={null}]]]>
              </value>
            </param>
          </params>
          <reporter-output>
          </reporter-output>
        </test-method> <!-- close -->
      </class> <!-- testscripts.AdminUsersTest -->
    </test> <!-- Test -->
  </suite> <!-- Suite -->
</testng-results>
