<?xml version="1.0" encoding="UTF-8"?>
<testng-results ignored="0" total="11" passed="11" failed="0" skipped="0">
  <reporter-output>
  </reporter-output>
  <suite started-at="2026-01-21T21:43:43 IST" name="Suite" finished-at="2026-01-21T21:44:51 IST" duration-ms="68406">
    <groups>
      <group name="regression">
        <method signature="LoginTest.verifyTheUserIsAbleToLoginUsingInvalidCredentials(java.lang.String,java.lang.String)[pri:0, instance:testscripts.LoginTest@7e6f74c]" name="verifyTheUserIsAbleToLoginUsingInvalidCredentials" class="testscripts.LoginTest"/>
        <method signature="LoginTest.verifyTheUserIsAbleToLoginUsingInvalidPassword()[pri:0, instance:testscripts.LoginTest@7e6f74c]" name="verifyTheUserIsAbleToLoginUsingInvalidPassword" class="testscripts.LoginTest"/>
        <method signature="LoginTest.verifyTheUserIsAbleToLoginUsingInvalidUsername()[pri:0, instance:testscripts.LoginTest@7e6f74c]" name="verifyTheUserIsAbleToLoginUsingInvalidUsername" class="testscripts.LoginTest"/>
        <method signature="LoginTest.verifyTheUserIsAbleToLoginUsingValidCredentials()[pri:0, instance:testscripts.LoginTest@7e6f74c]" name="verifyTheUserIsAbleToLoginUsingValidCredentials" class="testscripts.LoginTest"/>
      </group> <!-- regression -->
    </groups>
    <test started-at="2026-01-21T21:43:43 IST" name="Test" finished-at="2026-01-21T21:44:51 IST" duration-ms="68406">
      <class name="testscripts.ManageCategoryTest">
        <test-method is-config="true" signature="initialiseBrowser(java.lang.String)[pri:0, instance:testscripts.ManageCategoryTest@6a78afa0]" started-at="2026-01-21T21:44:30 IST" name="initialiseBrowser" finished-at="2026-01-21T21:44:32 IST" duration-ms="2734" status="PASS">
          <params>
            <param index="0">
              <value>
                <![CDATA[chrome]]>
              </value>
            </param>
          </params>
          <reporter-output>
          </reporter-output>
        </test-method> <!-- initialiseBrowser -->
        <test-method signature="manageCategory()[pri:0, instance:testscripts.ManageCategoryTest@6a78afa0]" started-at="2026-01-21T21:44:32 IST" name="manageCategory" finished-at="2026-01-21T21:44:37 IST" duration-ms="4912" status="PASS">
          <reporter-output>
          </reporter-output>
        </test-method> <!-- manageCategory -->
        <test-method is-config="true" signature="close(org.testng.ITestResult)[pri:0, instance:testscripts.ManageCategoryTest@6a78afa0]" started-at="2026-01-21T21:44:37 IST" name="close" finished-at="2026-01-21T21:44:38 IST" duration-ms="240" status="PASS">
          <params>
            <param index="0">
              <value>
                <![CDATA[[TestResult name=manageCategory status=SUCCESS method=ManageCategoryTest.manageCategory()[pri:0, instance:testscripts.ManageCategoryTest@6a78afa0] output={null}]]]>
              </value>
            </param>
          </params>
          <reporter-output>
          </reporter-output>
        </test-method> <!-- close -->
      </class> <!-- testscripts.ManageCategoryTest -->
      <class name="testscripts.ManageNewstest">
        <test-method is-config="true" signature="initialiseBrowser(java.lang.String)[pri:0, instance:testscripts.ManageNewstest@dd05255]" started-at="2026-01-21T21:44:24 IST" name="initialiseBrowser" finished-at="2026-01-21T21:44:28 IST" duration-ms="3937" status="PASS">
          <params>
            <param index="0">
              <value>
                <![CDATA[chrome]]>
              </value>
            </param>
          </params>
          <reporter-output>
          </reporter-output>
        </test-method> <!-- initialiseBrowser -->
        <test-method signature="AlertPresent()[pri:0, instance:testscripts.ManageNewstest@dd05255]" started-at="2026-01-21T21:44:28 IST" name="AlertPresent" finished-at="2026-01-21T21:44:29 IST" duration-ms="1765" status="PASS">
          <reporter-output>
          </reporter-output>
        </test-method> <!-- AlertPresent -->
        <test-method is-config="true" signature="close(org.testng.ITestResult)[pri:0, instance:testscripts.ManageNewstest@dd05255]" started-at="2026-01-21T21:44:29 IST" name="close" finished-at="2026-01-21T21:44:30 IST" duration-ms="223" status="PASS">
          <params>
            <param index="0">
              <value>
                <![CDATA[[TestResult name=AlertPresent status=SUCCESS method=ManageNewstest.AlertPresent()[pri:0, instance:testscripts.ManageNewstest@dd05255] output={null}]]]>
              </value>
            </param>
          </params>
          <reporter-output>
          </reporter-output>
        </test-method> <!-- close -->
      </class> <!-- testscripts.ManageNewstest -->
      <class name="testscripts.ManageFooterTest">
        <test-method is-config="true" signature="initialiseBrowser(java.lang.String)[pri:0, instance:testscripts.ManageFooterTest@44c03695]" started-at="2026-01-21T21:43:51 IST" name="initialiseBrowser" finished-at="2026-01-21T21:43:57 IST" duration-ms="5747" status="PASS">
          <params>
            <param index="0">
              <value>
                <![CDATA[chrome]]>
              </value>
            </param>
          </params>
          <reporter-output>
          </reporter-output>
        </test-method> <!-- initialiseBrowser -->
        <test-method signature="manageContact()[pri:0, instance:testscripts.ManageFooterTest@44c03695]" started-at="2026-01-21T21:43:57 IST" name="manageContact" finished-at="2026-01-21T21:43:59 IST" duration-ms="1953" status="PASS">
          <reporter-output>
          </reporter-output>
        </test-method> <!-- manageContact -->
        <test-method is-config="true" signature="close(org.testng.ITestResult)[pri:0, instance:testscripts.ManageFooterTest@44c03695]" started-at="2026-01-21T21:43:59 IST" name="close" finished-at="2026-01-21T21:43:59 IST" duration-ms="207" status="PASS">
          <params>
            <param index="0">
              <value>
                <![CDATA[[TestResult name=manageContact status=SUCCESS method=ManageFooterTest.manageContact()[pri:0, instance:testscripts.ManageFooterTest@44c03695] output={null}]]]>
              </value>
            </param>
          </params>
          <reporter-output>
          </reporter-output>
        </test-method> <!-- close -->
      </class> <!-- testscripts.ManageFooterTest -->
      <class name="testscripts.ManageContactTest">
        <test-method is-config="true" signature="initialiseBrowser(java.lang.String)[pri:0, instance:testscripts.ManageContactTest@2f4948e4]" started-at="2026-01-21T21:44:38 IST" name="initialiseBrowser" finished-at="2026-01-21T21:44:41 IST" duration-ms="3734" status="PASS">
          <params>
            <param index="0">
              <value>
                <![CDATA[chrome]]>
              </value>
            </param>
          </params>
          <reporter-output>
          </reporter-output>
        </test-method> <!-- initialiseBrowser -->
        <test-method signature="manageContact()[pri:0, instance:testscripts.ManageContactTest@2f4948e4]" started-at="2026-01-21T21:44:41 IST" name="manageContact" finished-at="2026-01-21T21:44:44 IST" duration-ms="2994" status="PASS">
          <reporter-output>
          </reporter-output>
        </test-method> <!-- manageContact -->
        <test-method is-config="true" signature="close(org.testng.ITestResult)[pri:0, instance:testscripts.ManageContactTest@2f4948e4]" started-at="2026-01-21T21:44:44 IST" name="close" finished-at="2026-01-21T21:44:45 IST" duration-ms="266" status="PASS">
          <params>
            <param index="0">
              <value>
                <![CDATA[[TestResult name=manageContact status=SUCCESS method=ManageContactTest.manageContact()[pri:0, instance:testscripts.ManageContactTest@2f4948e4] output={null}]]]>
              </value>
            </param>
          </params>
          <reporter-output>
          </reporter-output>
        </test-method> <!-- close -->
      </class> <!-- testscripts.ManageContactTest -->
      <class name="testscripts.LoginTest">
        <test-method is-config="true" signature="initialiseBrowser(java.lang.String)[pri:0, instance:testscripts.LoginTest@7e6f74c]" started-at="2026-01-21T21:43:59 IST" name="initialiseBrowser" finished-at="2026-01-21T21:44:04 IST" duration-ms="4600" status="PASS">
          <params>
            <param index="0">
              <value>
                <![CDATA[chrome]]>
              </value>
            </param>
          </params>
          <reporter-output>
          </reporter-output>
        </test-method> <!-- initialiseBrowser -->
        <test-method signature="verifyTheUserIsAbleToLoginUsingInvalidCredentials(java.lang.String,java.lang.String)[pri:0, instance:testscripts.LoginTest@7e6f74c]" started-at="2026-01-21T21:44:04 IST" name="verifyTheUserIsAbleToLoginUsingInvalidCredentials" data-provider="loginProvider" finished-at="2026-01-21T21:44:04 IST" duration-ms="428" status="PASS">
          <params>
            <param index="0">
              <value>
                <![CDATA[admin]]>
              </value>
            </param>
            <param index="1">
              <value>
                <![CDATA[admin22]]>
              </value>
            </param>
          </params>
          <reporter-output>
          </reporter-output>
        </test-method> <!-- verifyTheUserIsAbleToLoginUsingInvalidCredentials -->
        <test-method is-config="true" signature="close(org.testng.ITestResult)[pri:0, instance:testscripts.LoginTest@7e6f74c]" started-at="2026-01-21T21:44:04 IST" name="close" finished-at="2026-01-21T21:44:05 IST" duration-ms="235" status="PASS">
          <params>
            <param index="0">
              <value>
                <![CDATA[[TestResult name=verifyTheUserIsAbleToLoginUsingInvalidCredentials status=SUCCESS method=LoginTest.verifyTheUserIsAbleToLoginUsingInvalidCredentials(java.lang.String,java.lang.String)[pri:0, instance:testscripts.LoginTest@7e6f74c] output={null}]]]>
              </value>
            </param>
          </params>
          <reporter-output>
          </reporter-output>
        </test-method> <!-- close -->
        <test-method is-config="true" signature="initialiseBrowser(java.lang.String)[pri:0, instance:testscripts.LoginTest@7e6f74c]" started-at="2026-01-21T21:44:05 IST" name="initialiseBrowser" finished-at="2026-01-21T21:44:09 IST" duration-ms="4540" status="PASS">
          <params>
            <param index="0">
              <value>
                <![CDATA[chrome]]>
              </value>
            </param>
          </params>
          <reporter-output>
          </reporter-output>
        </test-method> <!-- initialiseBrowser -->
        <test-method signature="verifyTheUserIsAbleToLoginUsingInvalidCredentials(java.lang.String,java.lang.String)[pri:0, instance:testscripts.LoginTest@7e6f74c]" started-at="2026-01-21T21:44:09 IST" name="verifyTheUserIsAbleToLoginUsingInvalidCredentials" data-provider="loginProvider" finished-at="2026-01-21T21:44:10 IST" duration-ms="432" status="PASS">
          <params>
            <param index="0">
              <value>
                <![CDATA[admin123]]>
              </value>
            </param>
            <param index="1">
              <value>
                <![CDATA[123]]>
              </value>
            </param>
          </params>
          <reporter-output>
          </reporter-output>
        </test-method> <!-- verifyTheUserIsAbleToLoginUsingInvalidCredentials -->
        <test-method is-config="true" signature="close(org.testng.ITestResult)[pri:0, instance:testscripts.LoginTest@7e6f74c]" started-at="2026-01-21T21:44:10 IST" name="close" finished-at="2026-01-21T21:44:10 IST" duration-ms="229" status="PASS">
          <params>
            <param index="0">
              <value>
                <![CDATA[[TestResult name=verifyTheUserIsAbleToLoginUsingInvalidCredentials status=SUCCESS method=LoginTest.verifyTheUserIsAbleToLoginUsingInvalidCredentials(java.lang.String,java.lang.String)[pri:0, instance:testscripts.LoginTest@7e6f74c] output={null}]]]>
              </value>
            </param>
          </params>
          <reporter-output>
          </reporter-output>
        </test-method> <!-- close -->
        <test-method is-config="true" signature="initialiseBrowser(java.lang.String)[pri:0, instance:testscripts.LoginTest@7e6f74c]" started-at="2026-01-21T21:44:10 IST" name="initialiseBrowser" finished-at="2026-01-21T21:44:14 IST" duration-ms="4634" status="PASS">
          <params>
            <param index="0">
              <value>
                <![CDATA[chrome]]>
              </value>
            </param>
          </params>
          <reporter-output>
          </reporter-output>
        </test-method> <!-- initialiseBrowser -->
        <test-method signature="verifyTheUserIsAbleToLoginUsingInvalidPassword()[pri:0, instance:testscripts.LoginTest@7e6f74c]" started-at="2026-01-21T21:44:14 IST" name="verifyTheUserIsAbleToLoginUsingInvalidPassword" finished-at="2026-01-21T21:44:15 IST" duration-ms="511" status="PASS">
          <reporter-output>
          </reporter-output>
        </test-method> <!-- verifyTheUserIsAbleToLoginUsingInvalidPassword -->
        <test-method is-config="true" signature="close(org.testng.ITestResult)[pri:0, instance:testscripts.LoginTest@7e6f74c]" started-at="2026-01-21T21:44:15 IST" name="close" finished-at="2026-01-21T21:44:15 IST" duration-ms="227" status="PASS">
          <params>
            <param index="0">
              <value>
                <![CDATA[[TestResult name=verifyTheUserIsAbleToLoginUsingInvalidPassword status=SUCCESS method=LoginTest.verifyTheUserIsAbleToLoginUsingInvalidPassword()[pri:0, instance:testscripts.LoginTest@7e6f74c] output={null}]]]>
              </value>
            </param>
          </params>
          <reporter-output>
          </reporter-output>
        </test-method> <!-- close -->
        <test-method is-config="true" signature="initialiseBrowser(java.lang.String)[pri:0, instance:testscripts.LoginTest@7e6f74c]" started-at="2026-01-21T21:44:15 IST" name="initialiseBrowser" finished-at="2026-01-21T21:44:19 IST" duration-ms="3683" status="PASS">
          <params>
            <param index="0">
              <value>
                <![CDATA[chrome]]>
              </value>
            </param>
          </params>
          <reporter-output>
          </reporter-output>
        </test-method> <!-- initialiseBrowser -->
        <test-method signature="verifyTheUserIsAbleToLoginUsingInvalidUsername()[pri:0, instance:testscripts.LoginTest@7e6f74c]" started-at="2026-01-21T21:44:19 IST" name="verifyTheUserIsAbleToLoginUsingInvalidUsername" finished-at="2026-01-21T21:44:19 IST" duration-ms="547" status="PASS">
          <reporter-output>
          </reporter-output>
        </test-method> <!-- verifyTheUserIsAbleToLoginUsingInvalidUsername -->
        <test-method is-config="true" signature="close(org.testng.ITestResult)[pri:0, instance:testscripts.LoginTest@7e6f74c]" started-at="2026-01-21T21:44:19 IST" name="close" finished-at="2026-01-21T21:44:20 IST" duration-ms="213" status="PASS">
          <params>
            <param index="0">
              <value>
                <![CDATA[[TestResult name=verifyTheUserIsAbleToLoginUsingInvalidUsername status=SUCCESS method=LoginTest.verifyTheUserIsAbleToLoginUsingInvalidUsername()[pri:0, instance:testscripts.LoginTest@7e6f74c] output={null}]]]>
              </value>
            </param>
          </params>
          <reporter-output>
          </reporter-output>
        </test-method> <!-- close -->
        <test-method is-config="true" signature="initialiseBrowser(java.lang.String)[pri:0, instance:testscripts.LoginTest@7e6f74c]" started-at="2026-01-21T21:44:20 IST" name="initialiseBrowser" finished-at="2026-01-21T21:44:23 IST" duration-ms="3031" status="PASS">
          <params>
            <param index="0">
              <value>
                <![CDATA[chrome]]>
              </value>
            </param>
          </params>
          <reporter-output>
          </reporter-output>
        </test-method> <!-- initialiseBrowser -->
        <test-method signature="verifyTheUserIsAbleToLoginUsingValidCredentials()[pri:0, instance:testscripts.LoginTest@7e6f74c]" started-at="2026-01-21T21:44:23 IST" name="verifyTheUserIsAbleToLoginUsingValidCredentials" finished-at="2026-01-21T21:44:24 IST" duration-ms="812" status="PASS">
          <reporter-output>
          </reporter-output>
        </test-method> <!-- verifyTheUserIsAbleToLoginUsingValidCredentials -->
        <test-method is-config="true" signature="close(org.testng.ITestResult)[pri:0, instance:testscripts.LoginTest@7e6f74c]" started-at="2026-01-21T21:44:24 IST" name="close" finished-at="2026-01-21T21:44:24 IST" duration-ms="247" status="PASS">
          <params>
            <param index="0">
              <value>
                <![CDATA[[TestResult name=verifyTheUserIsAbleToLoginUsingValidCredentials status=SUCCESS method=LoginTest.verifyTheUserIsAbleToLoginUsingValidCredentials()[pri:0, instance:testscripts.LoginTest@7e6f74c] output={null}]]]>
              </value>
            </param>
          </params>
          <reporter-output>
          </reporter-output>
        </test-method> <!-- close -->
      </class> <!-- testscripts.LoginTest -->
      <class name="testscripts.HomeTest">
        <test-method is-config="true" signature="initialiseBrowser(java.lang.String)[pri:0, instance:testscripts.HomeTest@1f2586d6]" started-at="2026-01-21T21:44:45 IST" name="initialiseBrowser" finished-at="2026-01-21T21:44:50 IST" duration-ms="5490" status="PASS">
          <params>
            <param index="0">
              <value>
                <![CDATA[chrome]]>
              </value>
            </param>
          </params>
          <reporter-output>
          </reporter-output>
        </test-method> <!-- initialiseBrowser -->
        <test-method signature="logout()[pri:0, instance:testscripts.HomeTest@1f2586d6]" started-at="2026-01-21T21:44:50 IST" name="logout" finished-at="2026-01-21T21:44:51 IST" duration-ms="1119" status="PASS">
          <reporter-output>
          </reporter-output>
        </test-method> <!-- logout -->
        <test-method is-config="true" signature="close(org.testng.ITestResult)[pri:0, instance:testscripts.HomeTest@1f2586d6]" started-at="2026-01-21T21:44:51 IST" name="close" finished-at="2026-01-21T21:44:51 IST" duration-ms="218" status="PASS">
          <params>
            <param index="0">
              <value>
                <![CDATA[[TestResult name=logout status=SUCCESS method=HomeTest.logout()[pri:0, instance:testscripts.HomeTest@1f2586d6] output={null}]]]>
              </value>
            </param>
          </params>
          <reporter-output>
          </reporter-output>
        </test-method> <!-- close -->
      </class> <!-- testscripts.HomeTest -->
      <class name="testscripts.AdminUsersTest">
        <test-method is-config="true" signature="initialiseBrowser(java.lang.String)[pri:0, instance:testscripts.AdminUsersTest@765d7657]" started-at="2026-01-21T21:43:43 IST" name="initialiseBrowser" finished-at="2026-01-21T21:43:48 IST" duration-ms="4804" status="PASS">
          <params>
            <param index="0">
              <value>
                <![CDATA[chrome]]>
              </value>
            </param>
          </params>
          <reporter-output>
          </reporter-output>
        </test-method> <!-- initialiseBrowser -->
        <test-method signature="adminUsers()[pri:0, instance:testscripts.AdminUsersTest@765d7657]" started-at="2026-01-21T21:43:48 IST" name="adminUsers" finished-at="2026-01-21T21:43:51 IST" duration-ms="3358" status="PASS">
          <reporter-output>
          </reporter-output>
        </test-method> <!-- adminUsers -->
        <test-method is-config="true" signature="close(org.testng.ITestResult)[pri:0, instance:testscripts.AdminUsersTest@765d7657]" started-at="2026-01-21T21:43:51 IST" name="close" finished-at="2026-01-21T21:43:51 IST" duration-ms="233" status="PASS">
          <params>
            <param index="0">
              <value>
                <![CDATA[[TestResult name=adminUsers status=SUCCESS method=AdminUsersTest.adminUsers()[pri:0, instance:testscripts.AdminUsersTest@765d7657] output={null}]]]>
              </value>
            </param>
          </params>
          <reporter-output>
          </reporter-output>
        </test-method> <!-- close -->
      </class> <!-- testscripts.AdminUsersTest -->
    </test> <!-- Test -->
  </suite> <!-- Suite -->
</testng-results>
