<?xml version="1.0" encoding="UTF-8"?>
<!-- Generated by org.testng.reporters.JUnitXMLReporter -->
<testsuite ignored="0" hostname="DESKTOP-7PDQ3D5" failures="0" tests="11" name="Test" time="58.271" errors="0" timestamp="2026-01-21T22:21:07 IST">
  <testcase classname="testscripts.AdminUsersTest" name="adminUsers" time="3.796"/>
  <testcase classname="testscripts.ManageFooterTest" name="manageContact" time="2.053"/>
  <testcase classname="testscripts.LoginTest" name="verifyTheUserIsAbleToLoginUsingInvalidCredentials" time="0.463"/>
  <testcase classname="testscripts.LoginTest" name="verifyTheUserIsAbleToLoginUsingInvalidCredentials" time="0.471"/>
  <testcase classname="testscripts.LoginTest" name="verifyTheUserIsAbleToLoginUsingInvalidPassword" time="0.584"/>
  <testcase classname="testscripts.LoginTest" name="verifyTheUserIsAbleToLoginUsingInvalidUsername" time="0.571"/>
  <testcase classname="testscripts.LoginTest" name="verifyTheUserIsAbleToLoginUsingValidCredentials" time="0.735"/>
  <testcase classname="testscripts.ManageNewstest" name="AlertPresent" time="1.767"/>
  <testcase classname="testscripts.ManageCategoryTest" name="manageCategory" time="3.179"/>
  <testcase classname="testscripts.ManageContactTest" name="manageContact" time="3.017"/>
  <testcase classname="testscripts.HomeTest" name="logout" time="0.987"/>
</testsuite> <!-- Test -->
