<?xml version="1.0" encoding="UTF-8"?>
<!-- Generated by org.testng.reporters.JUnitXMLReporter -->
<testsuite ignored="0" hostname="DESKTOP-7PDQ3D5" failures="0" tests="11" name="Test" time="68.406" errors="0" timestamp="2026-01-21T21:44:51 IST">
  <testcase classname="testscripts.AdminUsersTest" name="adminUsers" time="3.358"/>
  <testcase classname="testscripts.ManageFooterTest" name="manageContact" time="1.953"/>
  <testcase classname="testscripts.LoginTest" name="verifyTheUserIsAbleToLoginUsingInvalidCredentials" time="0.428"/>
  <testcase classname="testscripts.LoginTest" name="verifyTheUserIsAbleToLoginUsingInvalidCredentials" time="0.432"/>
  <testcase classname="testscripts.LoginTest" name="verifyTheUserIsAbleToLoginUsingInvalidPassword" time="0.511"/>
  <testcase classname="testscripts.LoginTest" name="verifyTheUserIsAbleToLoginUsingInvalidUsername" time="0.547"/>
  <testcase classname="testscripts.LoginTest" name="verifyTheUserIsAbleToLoginUsingValidCredentials" time="0.812"/>
  <testcase classname="testscripts.ManageNewstest" name="AlertPresent" time="1.765"/>
  <testcase classname="testscripts.ManageCategoryTest" name="manageCategory" time="4.912"/>
  <testcase classname="testscripts.ManageContactTest" name="manageContact" time="2.994"/>
  <testcase classname="testscripts.HomeTest" name="logout" time="1.119"/>
</testsuite> <!-- Test -->
