<?xml version="1.0" encoding="UTF-8"?>
<!-- Generated by org.testng.reporters.JUnitXMLReporter -->
<testsuite ignored="0" hostname="DESKTOP-7PDQ3D5" failures="0" tests="10" name="ChromeTest" time="97.331" errors="0" timestamp="2026-01-16T20:55:58 IST">
  <testcase classname="testscripts.AdminUsersTest" name="adminUsers" time="6.286"/>
  <testcase classname="testscripts.ManageNewstest" name="AlertPresent" time="3.673"/>
  <testcase classname="testscripts.ManageCategoryTest" name="manageCategory" time="9.817"/>
  <testcase classname="testscripts.ManageContactTest" name="manageContact" time="6.375"/>
  <testcase classname="testscripts.ManageFooterTest" name="manageContact" time="6.761"/>
  <testcase classname="testscripts.LoginTest" name="verifyTheUserIsAbleToLoginUsingInvalidCredentials" time="0.628"/>
  <testcase classname="testscripts.LoginTest" name="verifyTheUserIsAbleToLoginUsingInvalidPassword" time="0.594"/>
  <testcase classname="testscripts.LoginTest" name="verifyTheUserIsAbleToLoginUsingInvalidUsername" time="0.645"/>
  <testcase classname="testscripts.LoginTest" name="verifyTheUserIsAbleToLoginUsingValidCredentials" time="2.901"/>
  <testcase classname="testscripts.LogoutTest" name="logout" time="3.168"/>
</testsuite> <!-- ChromeTest -->
