<?xml version="1.0" encoding="UTF-8"?>
<!-- Generated by org.testng.reporters.JUnitXMLReporter -->
<testsuite ignored="0" hostname="DESKTOP-7PDQ3D5" failures="0" tests="10" name="FirefoxTest" time="150.104" errors="0" timestamp="2026-01-16T20:58:28 IST">
  <testcase classname="testscripts.AdminUsersTest" name="adminUsers" time="4.724"/>
  <testcase classname="testscripts.ManageNewstest" name="AlertPresent" time="2.646"/>
  <testcase classname="testscripts.ManageCategoryTest" name="manageCategory" time="8.567"/>
  <testcase classname="testscripts.ManageContactTest" name="manageContact" time="4.976"/>
  <testcase classname="testscripts.ManageFooterTest" name="manageContact" time="3.505"/>
  <testcase classname="testscripts.LoginTest" name="verifyTheUserIsAbleToLoginUsingInvalidCredentials" time="0.458"/>
  <testcase classname="testscripts.LoginTest" name="verifyTheUserIsAbleToLoginUsingInvalidPassword" time="0.424"/>
  <testcase classname="testscripts.LoginTest" name="verifyTheUserIsAbleToLoginUsingInvalidUsername" time="0.424"/>
  <testcase classname="testscripts.LoginTest" name="verifyTheUserIsAbleToLoginUsingValidCredentials" time="1.969"/>
  <testcase classname="testscripts.LogoutTest" name="logout" time="2.57"/>
</testsuite> <!-- FirefoxTest -->
